INFO:root:GET request,
Path: /
Headers:
Host: 192.168.1.13:9000
Connection: keep-alive
Cache-Control: max-age=0
Upgrade-Insecure-Requests: 1
User-Agent: Mozilla/5.0 (X11; Linux x86_64) AppleWebKit/537.36 (KHTML, like Gecko) Chrome/100.0.4896.127 Safari/537.36
Accept: text/html,application/xhtml+xml,application/xml;q=0.9,image/avif,image/webp,image/apng,*/*;q=0.8,application/signed-exchange;v=b3;q=0.9
Sec-GPC: 1
Accept-Encoding: gzip, deflate
Accept-Language: en-GB,en-US;q=0.9,en;q=0.8



192.168.1.13 - - [04/May/2022 15:38:47] "GET / HTTP/1.1" 200 -
INFO:root:GET request,
Path: /favicon.ico
Headers:
Host: 192.168.1.13:9000
Connection: keep-alive
User-Agent: Mozilla/5.0 (X11; Linux x86_64) AppleWebKit/537.36 (KHTML, like Gecko) Chrome/100.0.4896.127 Safari/537.36
Accept: image/avif,image/webp,image/apng,image/svg+xml,image/*,*/*;q=0.8
Sec-GPC: 1
Referer: http://192.168.1.13:9000/
Accept-Encoding: gzip, deflate
Accept-Language: en-GB,en-US;q=0.9,en;q=0.8



192.168.1.13 - - [04/May/2022 15:38:47] "GET /favicon.ico HTTP/1.1" 200 -
INFO:root:GET request,
Path: /
Headers:
Host: 192.168.1.13:9000
Connection: keep-alive
Cache-Control: max-age=0
Upgrade-Insecure-Requests: 1
User-Agent: Mozilla/5.0 (X11; Linux x86_64) AppleWebKit/537.36 (KHTML, like Gecko) Chrome/100.0.4896.127 Safari/537.36
Accept: text/html,application/xhtml+xml,application/xml;q=0.9,image/avif,image/webp,image/apng,*/*;q=0.8,application/signed-exchange;v=b3;q=0.9
Sec-GPC: 1
Accept-Encoding: gzip, deflate
Accept-Language: en-GB,en-US;q=0.9,en;q=0.8



192.168.1.13 - - [04/May/2022 15:38:57] "GET / HTTP/1.1" 200 -
INFO:root:GET request,
Path: /favicon.ico
Headers:
Host: 192.168.1.13:9000
Connection: keep-alive
User-Agent: Mozilla/5.0 (X11; Linux x86_64) AppleWebKit/537.36 (KHTML, like Gecko) Chrome/100.0.4896.127 Safari/537.36
Accept: image/avif,image/webp,image/apng,image/svg+xml,image/*,*/*;q=0.8
Sec-GPC: 1
Referer: http://192.168.1.13:9000/
Accept-Encoding: gzip, deflate
Accept-Language: en-GB,en-US;q=0.9,en;q=0.8



192.168.1.13 - - [04/May/2022 15:38:57] "GET /favicon.ico HTTP/1.1" 200 -



INFO:root:GET request,
Path: /
Headers:
Host: 192.168.1.13:9000
Connection: keep-alive
Cache-Control: max-age=0
Upgrade-Insecure-Requests: 1
User-Agent: Mozilla/5.0 (X11; Linux x86_64) AppleWebKit/537.36 (KHTML, like Gecko) Chrome/100.0.4896.127 Safari/537.36
Accept: text/html,application/xhtml+xml,application/xml;q=0.9,image/avif,image/webp,image/apng,*/*;q=0.8,application/signed-exchange;v=b3;q=0.9
Sec-GPC: 1
Accept-Encoding: gzip, deflate
Accept-Language: en-GB,en-US;q=0.9,en;q=0.8



192.168.1.13 - - [04/May/2022 15:38:47] "GET / HTTP/1.1" 200 -
INFO:root:GET request,
Path: /favicon.ico
Headers:
Host: 192.168.1.13:9000
Connection: keep-alive
User-Agent: Mozilla/5.0 (X11; Linux x86_64) AppleWebKit/537.36 (KHTML, like Gecko) Chrome/100.0.4896.127 Safari/537.36
Accept: image/avif,image/webp,image/apng,image/svg+xml,image/*,*/*;q=0.8
Sec-GPC: 1
Referer: http://192.168.1.13:9000/
Accept-Encoding: gzip, deflate
Accept-Language: en-GB,en-US;q=0.9,en;q=0.8



192.168.1.13 - - [04/May/2022 15:38:47] "GET /favicon.ico HTTP/1.1" 200 -
INFO:root:GET request,
Path: /
Headers:
Host: 192.168.1.13:9000
Connection: keep-alive
Cache-Control: max-age=0
Upgrade-Insecure-Requests: 1
User-Agent: Mozilla/5.0 (X11; Linux x86_64) AppleWebKit/537.36 (KHTML, like Gecko) Chrome/100.0.4896.127 Safari/537.36
Accept: text/html,application/xhtml+xml,application/xml;q=0.9,image/avif,image/webp,image/apng,*/*;q=0.8,application/signed-exchange;v=b3;q=0.9
Sec-GPC: 1
Accept-Encoding: gzip, deflate
Accept-Language: en-GB,en-US;q=0.9,en;q=0.8



192.168.1.13 - - [04/May/2022 15:38:57] "GET / HTTP/1.1" 200 -
INFO:root:GET request,
Path: /favicon.ico
Headers:
Host: 192.168.1.13:9000
Connection: keep-alive
User-Agent: Mozilla/5.0 (X11; Linux x86_64) AppleWebKit/537.36 (KHTML, like Gecko) Chrome/100.0.4896.127 Safari/537.36
Accept: image/avif,image/webp,image/apng,image/svg+xml,image/*,*/*;q=0.8
Sec-GPC: 1
Referer: http://192.168.1.13:9000/
Accept-Encoding: gzip, deflate
Accept-Language: en-GB,en-US;q=0.9,en;q=0.8



192.168.1.13 - - [04/May/2022 15:38:57] "GET /favicon.ico HTTP/1.1" 200 -



INFO:root:GET request,
Path: /
Headers:
Host: 192.168.1.13:9000
Connection: keep-alive
Cache-Control: max-age=0
Upgrade-Insecure-Requests: 1
User-Agent: Mozilla/5.0 (X11; Linux x86_64) AppleWebKit/537.36 (KHTML, like Gecko) Chrome/100.0.4896.127 Safari/537.36
Accept: text/html,application/xhtml+xml,application/xml;q=0.9,image/avif,image/webp,image/apng,*/*;q=0.8,application/signed-exchange;v=b3;q=0.9
Sec-GPC: 1
Accept-Encoding: gzip, deflate
Accept-Language: en-GB,en-US;q=0.9,en;q=0.8



192.168.1.13 - - [04/May/2022 15:38:47] "GET / HTTP/1.1" 200 -
INFO:root:GET request,
Path: /favicon.ico
Headers:
Host: 192.168.1.13:9000
Connection: keep-alive
User-Agent: Mozilla/5.0 (X11; Linux x86_64) AppleWebKit/537.36 (KHTML, like Gecko) Chrome/100.0.4896.127 Safari/537.36
Accept: image/avif,image/webp,image/apng,image/svg+xml,image/*,*/*;q=0.8
Sec-GPC: 1
Referer: http://192.168.1.13:9000/
Accept-Encoding: gzip, deflate
Accept-Language: en-GB,en-US;q=0.9,en;q=0.8



192.168.1.13 - - [04/May/2022 15:38:47] "GET /favicon.ico HTTP/1.1" 200 -
INFO:root:GET request,
Path: /
Headers:
Host: 192.168.1.13:9000
Connection: keep-alive
Cache-Control: max-age=0
Upgrade-Insecure-Requests: 1
User-Agent: Mozilla/5.0 (X11; Linux x86_64) AppleWebKit/537.36 (KHTML, like Gecko) Chrome/100.0.4896.127 Safari/537.36
Accept: text/html,application/xhtml+xml,application/xml;q=0.9,image/avif,image/webp,image/apng,*/*;q=0.8,application/signed-exchange;v=b3;q=0.9
Sec-GPC: 1
Accept-Encoding: gzip, deflate
Accept-Language: en-GB,en-US;q=0.9,en;q=0.8



192.168.1.13 - - [04/May/2022 15:38:57] "GET / HTTP/1.1" 200 -
INFO:root:GET request,
Path: /favicon.ico
Headers:
Host: 192.168.1.13:9000
Connection: keep-alive
User-Agent: Mozilla/5.0 (X11; Linux x86_64) AppleWebKit/537.36 (KHTML, like Gecko) Chrome/100.0.4896.127 Safari/537.36
Accept: image/avif,image/webp,image/apng,image/svg+xml,image/*,*/*;q=0.8
Sec-GPC: 1
Referer: http://192.168.1.13:9000/
Accept-Encoding: gzip, deflate
Accept-Language: en-GB,en-US;q=0.9,en;q=0.8



192.168.1.13 - - [04/May/2022 15:38:57] "GET /favicon.ico HTTP/1.1" 200 -

